
PLAY [Update and restart LXC containers via SSH] *******************************

TASK [Gathering Facts] *********************************************************
ok: [prowlarr]
ok: [prometheus]
ok: [radarr]
ok: [sonarr]
ok: [plex]
ok: [tautulli]
ok: [jellyfin]
ok: [flaresolwerr]
ok: [qbittorrent]
ok: [jellyseerr]
ok: [homepage]
ok: [uptime_kuma]
ok: [gotify]
fatal: [tdarr]: UNREACHABLE! => {"changed": false, "msg": "Failed to connect to the host via ssh: ssh: connect to host 10.20.40.56 port 22: No route to host", "unreachable": true}
fatal: [syncthing]: UNREACHABLE! => {"changed": false, "msg": "Failed to create temporary directory. In some cases, you may have been able to authenticate and did not have permissions on the target directory. Consider changing the remote tmp path in ansible.cfg to a path rooted in \"/tmp\", for more error information use -vvv. Failed command was: ( umask 77 && mkdir -p \"` echo /root/.ansible/tmp `\"&& mkdir \"` echo /root/.ansible/tmp/ansible-tmp-1748752807.311259-912155-125920748776948 `\" && echo ansible-tmp-1748752807.311259-912155-125920748776948=\"` echo /root/.ansible/tmp/ansible-tmp-1748752807.311259-912155-125920748776948 `\" ), exited with result 1", "unreachable": true}
fatal: [vaultwarden]: UNREACHABLE! => {"changed": false, "msg": "Failed to connect to the host via ssh: ssh: connect to host 10.20.40.75 port 22: No route to host", "unreachable": true}

TASK [Update apt cache on LXC container] ***************************************
changed: [sonarr]
changed: [radarr]
changed: [prowlarr]
changed: [prometheus]
changed: [tautulli]
changed: [flaresolwerr]
changed: [plex]
changed: [qbittorrent]
changed: [gotify]
changed: [jellyfin]
changed: [homepage]
changed: [uptime_kuma]
changed: [jellyseerr]

TASK [Upgrade packages on LXC container] ***************************************
changed: [sonarr]
changed: [tautulli]
changed: [flaresolwerr]
changed: [qbittorrent]
changed: [prowlarr]
fatal: [radarr]: FAILED! => {"changed": false, "msg": "'/usr/bin/apt-get dist-upgrade ' failed: E: Sub-process /usr/bin/dpkg returned an error code (1)\n", "rc": 100, "stdout": "Reading package lists...\nBuilding dependency tree...\nReading state information...\nCalculating upgrade...\nThe following packages will be upgraded:\n  libnss-systemd libpam-systemd libsystemd-shared libsystemd0 libudev1 systemd\n  systemd-sysv systemd-timesyncd udev\n9 upgraded, 0 newly installed, 0 to remove and 0 not upgraded.\n3 not fully installed or removed.\nNeed to get 7379 kB of archives.\nAfter this operation, 5120 B of additional disk space will be used.\nGet:1 http://security.debian.org bookworm-security/main amd64 systemd-timesyncd amd64 252.38-1~deb12u1 [63.6 kB]\nGet:2 http://security.debian.org bookworm-security/main amd64 libnss-systemd amd64 252.38-1~deb12u1 [164 kB]\nGet:3 http://security.debian.org bookworm-security/main amd64 libpam-systemd amd64 252.38-1~deb12u1 [225 kB]\nGet:4 http://security.debian.org bookworm-security/main amd64 systemd amd64 252.38-1~deb12u1 [3043 kB]\nGet:5 http://security.debian.org bookworm-security/main amd64 libsystemd-shared amd64 252.38-1~deb12u1 [1695 kB]\nGet:6 http://security.debian.org bookworm-security/main amd64 systemd-sysv amd64 252.38-1~deb12u1 [42.6 kB]\nGet:7 http://security.debian.org bookworm-security/main amd64 libsystemd0 amd64 252.38-1~deb12u1 [333 kB]\nGet:8 http://security.debian.org bookworm-security/main amd64 udev amd64 252.38-1~deb12u1 [1705 kB]\nGet:9 http://security.debian.org bookworm-security/main amd64 libudev1 amd64 252.38-1~deb12u1 [109 kB]\napt-listchanges: Reading changelogs...\nFetched 7379 kB in 5s (1462 kB/s)\n(Reading database ... \r(Reading database ... 5%\r(Reading database ... 10%\r(Reading database ... 15%\r(Reading database ... 20%\r(Reading database ... 25%\r(Reading database ... 30%\r(Reading database ... 35%\r(Reading database ... 40%\r(Reading database ... 45%\r(Reading database ... 50%\r(Reading database ... 55%\r(Reading database ... 60%\r(Reading database ... 65%\r(Reading database ... 70%\r(Reading database ... 75%\r(Reading database ... 80%\r(Reading database ... 85%\r(Reading database ... 90%\r(Reading database ... 95%\r(Reading database ... 100%\r(Reading database ... 20362 files and directories currently installed.)\r\nPreparing to unpack .../0-systemd-timesyncd_252.38-1~deb12u1_amd64.deb ...\r\nUnpacking systemd-timesyncd (252.38-1~deb12u1) over (252.36-1~deb12u1) ...\r\nPreparing to unpack .../1-libnss-systemd_252.38-1~deb12u1_amd64.deb ...\r\nUnpacking libnss-systemd:amd64 (252.38-1~deb12u1) over (252.36-1~deb12u1) ...\r\nPreparing to unpack .../2-libpam-systemd_252.38-1~deb12u1_amd64.deb ...\r\nUnpacking libpam-systemd:amd64 (252.38-1~deb12u1) over (252.36-1~deb12u1) ...\r\nPreparing to unpack .../3-systemd_252.38-1~deb12u1_amd64.deb ...\r\nUnpacking systemd (252.38-1~deb12u1) over (252.36-1~deb12u1) ...\r\nPreparing to unpack .../4-libsystemd-shared_252.38-1~deb12u1_amd64.deb ...\r\nUnpacking libsystemd-shared:amd64 (252.38-1~deb12u1) over (252.36-1~deb12u1) ...\r\nPreparing to unpack .../5-libsystemd0_252.38-1~deb12u1_amd64.deb ...\r\nUnpacking libsystemd0:amd64 (252.38-1~deb12u1) over (252.36-1~deb12u1) ...\r\nSetting up libsystemd0:amd64 (252.38-1~deb12u1) ...\r\nSetting up libsystemd-shared:amd64 (252.38-1~deb12u1) ...\r\nSetting up systemd (252.38-1~deb12u1) ...\r\n(Reading database ... \r(Reading database ... 5%\r(Reading database ... 10%\r(Reading database ... 15%\r(Reading database ... 20%\r(Reading database ... 25%\r(Reading database ... 30%\r(Reading database ... 35%\r(Reading database ... 40%\r(Reading database ... 45%\r(Reading database ... 50%\r(Reading database ... 55%\r(Reading database ... 60%\r(Reading database ... 65%\r(Reading database ... 70%\r(Reading database ... 75%\r(Reading database ... 80%\r(Reading database ... 85%\r(Reading database ... 90%\r(Reading database ... 95%\r(Reading database ... 100%\r(Reading database ... 20363 files and directories currently installed.)\r\nPreparing to unpack .../systemd-sysv_252.38-1~deb12u1_amd64.deb ...\r\nUnpacking systemd-sysv (252.38-1~deb12u1) over (252.36-1~deb12u1) ...\r\nPreparing to unpack .../udev_252.38-1~deb12u1_amd64.deb ...\r\nUnpacking udev (252.38-1~deb12u1) over (252.36-1~deb12u1) ...\r\nPreparing to unpack .../libudev1_252.38-1~deb12u1_amd64.deb ...\r\nUnpacking libudev1:amd64 (252.38-1~deb12u1) over (252.36-1~deb12u1) ...\r\nSetting up libudev1:amd64 (252.38-1~deb12u1) ...\r\nSetting up systemd-sysv (252.38-1~deb12u1) ...\r\nSetting up openssh-client (1:9.2p1-2+deb12u6) ...\r\nchgrp: changing group of '/usr/bin/ssh-agent': Invalid argument\r\ndpkg: error processing package openssh-client (--configure):\r\n installed openssh-client package post-installation script subprocess returned error exit status 1\r\nSetting up libnss-systemd:amd64 (252.38-1~deb12u1) ...\r\nSetting up systemd-timesyncd (252.38-1~deb12u1) ...\r\nSetting up udev (252.38-1~deb12u1) ...\r\nSetting up libpam-systemd:amd64 (252.38-1~deb12u1) ...\r\ndpkg: dependency problems prevent configuration of openssh-sftp-server:\r\n openssh-sftp-server depends on openssh-client (= 1:9.2p1-2+deb12u6); however:\r\n  Package openssh-client is not configured yet.\r\n\r\ndpkg: error processing package openssh-sftp-server (--configure):\r\n dependency problems - leaving unconfigured\r\ndpkg: dependency problems prevent configuration of openssh-server:\r\n openssh-server depends on openssh-client (= 1:9.2p1-2+deb12u6); however:\r\n  Package openssh-client is not configured yet.\r\n openssh-server depends on openssh-sftp-server; however:\r\n  Package openssh-sftp-server is not configured yet.\r\n\r\ndpkg: error processing package openssh-server (--configure):\r\n dependency problems - leaving unconfigured\r\nProcessing triggers for man-db (2.11.2-2) ...\r\nProcessing triggers for dbus (1.14.10-1~deb12u1) ...\r\nProcessing triggers for libc-bin (2.36-9+deb12u10) ...\r\nErrors were encountered while processing:\r\n openssh-client\r\n openssh-sftp-server\r\n openssh-server\r\n", "stdout_lines": ["Reading package lists...", "Building dependency tree...", "Reading state information...", "Calculating upgrade...", "The following packages will be upgraded:", "  libnss-systemd libpam-systemd libsystemd-shared libsystemd0 libudev1 systemd", "  systemd-sysv systemd-timesyncd udev", "9 upgraded, 0 newly installed, 0 to remove and 0 not upgraded.", "3 not fully installed or removed.", "Need to get 7379 kB of archives.", "After this operation, 5120 B of additional disk space will be used.", "Get:1 http://security.debian.org bookworm-security/main amd64 systemd-timesyncd amd64 252.38-1~deb12u1 [63.6 kB]", "Get:2 http://security.debian.org bookworm-security/main amd64 libnss-systemd amd64 252.38-1~deb12u1 [164 kB]", "Get:3 http://security.debian.org bookworm-security/main amd64 libpam-systemd amd64 252.38-1~deb12u1 [225 kB]", "Get:4 http://security.debian.org bookworm-security/main amd64 systemd amd64 252.38-1~deb12u1 [3043 kB]", "Get:5 http://security.debian.org bookworm-security/main amd64 libsystemd-shared amd64 252.38-1~deb12u1 [1695 kB]", "Get:6 http://security.debian.org bookworm-security/main amd64 systemd-sysv amd64 252.38-1~deb12u1 [42.6 kB]", "Get:7 http://security.debian.org bookworm-security/main amd64 libsystemd0 amd64 252.38-1~deb12u1 [333 kB]", "Get:8 http://security.debian.org bookworm-security/main amd64 udev amd64 252.38-1~deb12u1 [1705 kB]", "Get:9 http://security.debian.org bookworm-security/main amd64 libudev1 amd64 252.38-1~deb12u1 [109 kB]", "apt-listchanges: Reading changelogs...", "Fetched 7379 kB in 5s (1462 kB/s)", "(Reading database ... ", "(Reading database ... 5%", "(Reading database ... 10%", "(Reading database ... 15%", "(Reading database ... 20%", "(Reading database ... 25%", "(Reading database ... 30%", "(Reading database ... 35%", "(Reading database ... 40%", "(Reading database ... 45%", "(Reading database ... 50%", "(Reading database ... 55%", "(Reading database ... 60%", "(Reading database ... 65%", "(Reading database ... 70%", "(Reading database ... 75%", "(Reading database ... 80%", "(Reading database ... 85%", "(Reading database ... 90%", "(Reading database ... 95%", "(Reading database ... 100%", "(Reading database ... 20362 files and directories currently installed.)", "Preparing to unpack .../0-systemd-timesyncd_252.38-1~deb12u1_amd64.deb ...", "Unpacking systemd-timesyncd (252.38-1~deb12u1) over (252.36-1~deb12u1) ...", "Preparing to unpack .../1-libnss-systemd_252.38-1~deb12u1_amd64.deb ...", "Unpacking libnss-systemd:amd64 (252.38-1~deb12u1) over (252.36-1~deb12u1) ...", "Preparing to unpack .../2-libpam-systemd_252.38-1~deb12u1_amd64.deb ...", "Unpacking libpam-systemd:amd64 (252.38-1~deb12u1) over (252.36-1~deb12u1) ...", "Preparing to unpack .../3-systemd_252.38-1~deb12u1_amd64.deb ...", "Unpacking systemd (252.38-1~deb12u1) over (252.36-1~deb12u1) ...", "Preparing to unpack .../4-libsystemd-shared_252.38-1~deb12u1_amd64.deb ...", "Unpacking libsystemd-shared:amd64 (252.38-1~deb12u1) over (252.36-1~deb12u1) ...", "Preparing to unpack .../5-libsystemd0_252.38-1~deb12u1_amd64.deb ...", "Unpacking libsystemd0:amd64 (252.38-1~deb12u1) over (252.36-1~deb12u1) ...", "Setting up libsystemd0:amd64 (252.38-1~deb12u1) ...", "Setting up libsystemd-shared:amd64 (252.38-1~deb12u1) ...", "Setting up systemd (252.38-1~deb12u1) ...", "(Reading database ... ", "(Reading database ... 5%", "(Reading database ... 10%", "(Reading database ... 15%", "(Reading database ... 20%", "(Reading database ... 25%", "(Reading database ... 30%", "(Reading database ... 35%", "(Reading database ... 40%", "(Reading database ... 45%", "(Reading database ... 50%", "(Reading database ... 55%", "(Reading database ... 60%", "(Reading database ... 65%", "(Reading database ... 70%", "(Reading database ... 75%", "(Reading database ... 80%", "(Reading database ... 85%", "(Reading database ... 90%", "(Reading database ... 95%", "(Reading database ... 100%", "(Reading database ... 20363 files and directories currently installed.)", "Preparing to unpack .../systemd-sysv_252.38-1~deb12u1_amd64.deb ...", "Unpacking systemd-sysv (252.38-1~deb12u1) over (252.36-1~deb12u1) ...", "Preparing to unpack .../udev_252.38-1~deb12u1_amd64.deb ...", "Unpacking udev (252.38-1~deb12u1) over (252.36-1~deb12u1) ...", "Preparing to unpack .../libudev1_252.38-1~deb12u1_amd64.deb ...", "Unpacking libudev1:amd64 (252.38-1~deb12u1) over (252.36-1~deb12u1) ...", "Setting up libudev1:amd64 (252.38-1~deb12u1) ...", "Setting up systemd-sysv (252.38-1~deb12u1) ...", "Setting up openssh-client (1:9.2p1-2+deb12u6) ...", "chgrp: changing group of '/usr/bin/ssh-agent': Invalid argument", "dpkg: error processing package openssh-client (--configure):", " installed openssh-client package post-installation script subprocess returned error exit status 1", "Setting up libnss-systemd:amd64 (252.38-1~deb12u1) ...", "Setting up systemd-timesyncd (252.38-1~deb12u1) ...", "Setting up udev (252.38-1~deb12u1) ...", "Setting up libpam-systemd:amd64 (252.38-1~deb12u1) ...", "dpkg: dependency problems prevent configuration of openssh-sftp-server:", " openssh-sftp-server depends on openssh-client (= 1:9.2p1-2+deb12u6); however:", "  Package openssh-client is not configured yet.", "", "dpkg: error processing package openssh-sftp-server (--configure):", " dependency problems - leaving unconfigured", "dpkg: dependency problems prevent configuration of openssh-server:", " openssh-server depends on openssh-client (= 1:9.2p1-2+deb12u6); however:", "  Package openssh-client is not configured yet.", " openssh-server depends on openssh-sftp-server; however:", "  Package openssh-sftp-server is not configured yet.", "", "dpkg: error processing package openssh-server (--configure):", " dependency problems - leaving unconfigured", "Processing triggers for man-db (2.11.2-2) ...", "Processing triggers for dbus (1.14.10-1~deb12u1) ...", "Processing triggers for libc-bin (2.36-9+deb12u10) ...", "Errors were encountered while processing:", " openssh-client", " openssh-sftp-server", " openssh-server"]}
changed: [prometheus]
changed: [gotify]
changed: [homepage]
changed: [uptime_kuma]
changed: [jellyseerr]
changed: [jellyfin]
changed: [plex]

TASK [Reboot the container if upgrade was done] ********************************
changed: [sonarr]
changed: [tautulli]
changed: [prowlarr]
changed: [flaresolwerr]
changed: [prometheus]
changed: [jellyfin]
changed: [jellyseerr]
changed: [gotify]
changed: [homepage]
changed: [plex]
changed: [uptime_kuma]
changed: [qbittorrent]

PLAY RECAP *********************************************************************
flaresolwerr               : ok=4    changed=3    unreachable=0    failed=0    skipped=0    rescued=0    ignored=0   
gotify                     : ok=4    changed=3    unreachable=0    failed=0    skipped=0    rescued=0    ignored=0   
homepage                   : ok=4    changed=3    unreachable=0    failed=0    skipped=0    rescued=0    ignored=0   
jellyfin                   : ok=4    changed=3    unreachable=0    failed=0    skipped=0    rescued=0    ignored=0   
jellyseerr                 : ok=4    changed=3    unreachable=0    failed=0    skipped=0    rescued=0    ignored=0   
plex                       : ok=4    changed=3    unreachable=0    failed=0    skipped=0    rescued=0    ignored=0   
prometheus                 : ok=4    changed=3    unreachable=0    failed=0    skipped=0    rescued=0    ignored=0   
prowlarr                   : ok=4    changed=3    unreachable=0    failed=0    skipped=0    rescued=0    ignored=0   
qbittorrent                : ok=4    changed=3    unreachable=0    failed=0    skipped=0    rescued=0    ignored=0   
radarr                     : ok=2    changed=1    unreachable=0    failed=1    skipped=0    rescued=0    ignored=0   
sonarr                     : ok=4    changed=3    unreachable=0    failed=0    skipped=0    rescued=0    ignored=0   
syncthing                  : ok=0    changed=0    unreachable=1    failed=0    skipped=0    rescued=0    ignored=0   
tautulli                   : ok=4    changed=3    unreachable=0    failed=0    skipped=0    rescued=0    ignored=0   
tdarr                      : ok=0    changed=0    unreachable=1    failed=0    skipped=0    rescued=0    ignored=0   
uptime_kuma                : ok=4    changed=3    unreachable=0    failed=0    skipped=0    rescued=0    ignored=0   
vaultwarden                : ok=0    changed=0    unreachable=1    failed=0    skipped=0    rescued=0    ignored=0   

