
PLAY [Update Proxmox nodes] ****************************************************

TASK [Gathering Facts] *********************************************************
ok: [proxbackup]
ok: [harry]
ok: [dumbledore]
ok: [hermiona]
ok: [ron]

TASK [Set kernel_updated to False initially] ***********************************
ok: [dumbledore]
ok: [harry]
ok: [ron]
ok: [hermiona]
ok: [proxbackup]

TASK [Get the current kernel version] ******************************************
ok: [proxbackup]
ok: [harry]
ok: [dumbledore]
ok: [hermiona]
ok: [ron]

TASK [Update apt cache] ********************************************************
changed: [proxbackup]
changed: [harry]
changed: [dumbledore]
changed: [hermiona]
changed: [ron]

TASK [Perform dist-upgrade] ****************************************************
changed: [dumbledore]
changed: [harry]
changed: [proxbackup]
changed: [hermiona]
changed: [ron]

TASK [Set kernel_updated to True if kernel upgraded] ***************************
skipping: [dumbledore]
skipping: [harry]
skipping: [ron]
skipping: [hermiona]
skipping: [proxbackup]

TASK [Reboot if necessary (kernel upgrade)] ************************************
skipping: [dumbledore]
skipping: [harry]
skipping: [ron]
skipping: [hermiona]
skipping: [proxbackup]

PLAY RECAP *********************************************************************
dumbledore                 : ok=5    changed=2    unreachable=0    failed=0    skipped=2    rescued=0    ignored=0   
harry                      : ok=5    changed=2    unreachable=0    failed=0    skipped=2    rescued=0    ignored=0   
hermiona                   : ok=5    changed=2    unreachable=0    failed=0    skipped=2    rescued=0    ignored=0   
proxbackup                 : ok=5    changed=2    unreachable=0    failed=0    skipped=2    rescued=0    ignored=0   
ron                        : ok=5    changed=2    unreachable=0    failed=0    skipped=2    rescued=0    ignored=0   

