
PLAY [Update and restart LXC containers via SSH] *******************************

TASK [Gathering Facts] *********************************************************
ok: [prometheus]
ok: [prowlarr]
ok: [sonarr]
ok: [radarr]
ok: [plex]
ok: [tdarr]
ok: [flaresolwerr]
ok: [jellyfin]
ok: [tautulli]
ok: [qbittorrent]
ok: [jellyseerr]
ok: [gotify]
ok: [homepage]
ok: [uptime_kuma]
ok: [vaultwarden]
ok: [syncthing]

TASK [Update apt cache on LXC container] ***************************************
changed: [radarr]
changed: [prowlarr]
changed: [sonarr]
changed: [prometheus]
changed: [qbittorrent]
changed: [plex]
changed: [flaresolwerr]
changed: [jellyfin]
changed: [tautulli]
changed: [tdarr]
changed: [jellyseerr]
changed: [gotify]
changed: [homepage]
changed: [uptime_kuma]
changed: [vaultwarden]
changed: [syncthing]

TASK [Upgrade packages on LXC container] ***************************************
changed: [sonarr]
changed: [prometheus]
changed: [prowlarr]
fatal: [radarr]: FAILED! => {"changed": false, "msg": "'/usr/bin/apt-get dist-upgrade ' failed: E: Sub-process /usr/bin/dpkg returned an error code (1)\n", "rc": 100, "stdout": "Reading package lists...\nBuilding dependency tree...\nReading state information...\nCalculating upgrade...\nThe following packages will be upgraded:\n  tzdata\n1 upgraded, 0 newly installed, 0 to remove and 0 not upgraded.\n3 not fully installed or removed.\nNeed to get 299 kB of archives.\nAfter this operation, 7168 B of additional disk space will be used.\nGet:1 http://deb.debian.org/debian bookworm-updates/main amd64 tzdata all 2025b-0+deb12u1 [299 kB]\napt-listchanges: Reading changelogs...\nPreconfiguring packages ...\nFetched 299 kB in 0s (4793 kB/s)\n(Reading database ... \r(Reading database ... 5%\r(Reading database ... 10%\r(Reading database ... 15%\r(Reading database ... 20%\r(Reading database ... 25%\r(Reading database ... 30%\r(Reading database ... 35%\r(Reading database ... 40%\r(Reading database ... 45%\r(Reading database ... 50%\r(Reading database ... 55%\r(Reading database ... 60%\r(Reading database ... 65%\r(Reading database ... 70%\r(Reading database ... 75%\r(Reading database ... 80%\r(Reading database ... 85%\r(Reading database ... 90%\r(Reading database ... 95%\r(Reading database ... 100%\r(Reading database ... 20362 files and directories currently installed.)\r\nPreparing to unpack .../tzdata_2025b-0+deb12u1_all.deb ...\r\nUnpacking tzdata (2025b-0+deb12u1) over (2025a-0+deb12u1) ...\r\nSetting up openssh-client (1:9.2p1-2+deb12u5) ...\r\nchgrp: changing group of '/usr/bin/ssh-agent': Invalid argument\r\ndpkg: error processing package openssh-client (--configure):\r\n installed openssh-client package post-installation script subprocess returned error exit status 1\r\nSetting up tzdata (2025b-0+deb12u1) ...\r\n\r\nCurrent default time zone: 'Europe/Bratislava'\r\nLocal time is now:      Sun Mar 30 06:40:33 CEST 2025.\r\nUniversal Time is now:  Sun Mar 30 04:40:33 UTC 2025.\r\nRun 'dpkg-reconfigure tzdata' if you wish to change it.\r\n\r\ndpkg: dependency problems prevent configuration of openssh-sftp-server:\r\n openssh-sftp-server depends on openssh-client (= 1:9.2p1-2+deb12u5); however:\r\n  Package openssh-client is not configured yet.\r\n\r\ndpkg: error processing package openssh-sftp-server (--configure):\r\n dependency problems - leaving unconfigured\r\ndpkg: dependency problems prevent configuration of openssh-server:\r\n openssh-server depends on openssh-client (= 1:9.2p1-2+deb12u5); however:\r\n  Package openssh-client is not configured yet.\r\n openssh-server depends on openssh-sftp-server; however:\r\n  Package openssh-sftp-server is not configured yet.\r\n\r\ndpkg: error processing package openssh-server (--configure):\r\n dependency problems - leaving unconfigured\r\nErrors were encountered while processing:\r\n openssh-client\r\n openssh-sftp-server\r\n openssh-server\r\n", "stdout_lines": ["Reading package lists...", "Building dependency tree...", "Reading state information...", "Calculating upgrade...", "The following packages will be upgraded:", "  tzdata", "1 upgraded, 0 newly installed, 0 to remove and 0 not upgraded.", "3 not fully installed or removed.", "Need to get 299 kB of archives.", "After this operation, 7168 B of additional disk space will be used.", "Get:1 http://deb.debian.org/debian bookworm-updates/main amd64 tzdata all 2025b-0+deb12u1 [299 kB]", "apt-listchanges: Reading changelogs...", "Preconfiguring packages ...", "Fetched 299 kB in 0s (4793 kB/s)", "(Reading database ... ", "(Reading database ... 5%", "(Reading database ... 10%", "(Reading database ... 15%", "(Reading database ... 20%", "(Reading database ... 25%", "(Reading database ... 30%", "(Reading database ... 35%", "(Reading database ... 40%", "(Reading database ... 45%", "(Reading database ... 50%", "(Reading database ... 55%", "(Reading database ... 60%", "(Reading database ... 65%", "(Reading database ... 70%", "(Reading database ... 75%", "(Reading database ... 80%", "(Reading database ... 85%", "(Reading database ... 90%", "(Reading database ... 95%", "(Reading database ... 100%", "(Reading database ... 20362 files and directories currently installed.)", "Preparing to unpack .../tzdata_2025b-0+deb12u1_all.deb ...", "Unpacking tzdata (2025b-0+deb12u1) over (2025a-0+deb12u1) ...", "Setting up openssh-client (1:9.2p1-2+deb12u5) ...", "chgrp: changing group of '/usr/bin/ssh-agent': Invalid argument", "dpkg: error processing package openssh-client (--configure):", " installed openssh-client package post-installation script subprocess returned error exit status 1", "Setting up tzdata (2025b-0+deb12u1) ...", "", "Current default time zone: 'Europe/Bratislava'", "Local time is now:      Sun Mar 30 06:40:33 CEST 2025.", "Universal Time is now:  Sun Mar 30 04:40:33 UTC 2025.", "Run 'dpkg-reconfigure tzdata' if you wish to change it.", "", "dpkg: dependency problems prevent configuration of openssh-sftp-server:", " openssh-sftp-server depends on openssh-client (= 1:9.2p1-2+deb12u5); however:", "  Package openssh-client is not configured yet.", "", "dpkg: error processing package openssh-sftp-server (--configure):", " dependency problems - leaving unconfigured", "dpkg: dependency problems prevent configuration of openssh-server:", " openssh-server depends on openssh-client (= 1:9.2p1-2+deb12u5); however:", "  Package openssh-client is not configured yet.", " openssh-server depends on openssh-sftp-server; however:", "  Package openssh-sftp-server is not configured yet.", "", "dpkg: error processing package openssh-server (--configure):", " dependency problems - leaving unconfigured", "Errors were encountered while processing:", " openssh-client", " openssh-sftp-server", " openssh-server"]}
changed: [plex]
changed: [tautulli]
changed: [flaresolwerr]
changed: [tdarr]
changed: [gotify]
changed: [qbittorrent]
changed: [jellyfin]
changed: [jellyseerr]
changed: [homepage]
changed: [uptime_kuma]
changed: [vaultwarden]
changed: [syncthing]

TASK [Reboot the container if upgrade was done] ********************************
changed: [prometheus]
changed: [sonarr]
changed: [prowlarr]
changed: [flaresolwerr]
changed: [tautulli]
changed: [qbittorrent]
changed: [jellyfin]
changed: [tdarr]
changed: [jellyseerr]
changed: [plex]
changed: [gotify]
changed: [homepage]
changed: [vaultwarden]
changed: [uptime_kuma]
changed: [syncthing]

PLAY RECAP *********************************************************************
flaresolwerr               : ok=4    changed=3    unreachable=0    failed=0    skipped=0    rescued=0    ignored=0   
gotify                     : ok=4    changed=3    unreachable=0    failed=0    skipped=0    rescued=0    ignored=0   
homepage                   : ok=4    changed=3    unreachable=0    failed=0    skipped=0    rescued=0    ignored=0   
jellyfin                   : ok=4    changed=3    unreachable=0    failed=0    skipped=0    rescued=0    ignored=0   
jellyseerr                 : ok=4    changed=3    unreachable=0    failed=0    skipped=0    rescued=0    ignored=0   
plex                       : ok=4    changed=3    unreachable=0    failed=0    skipped=0    rescued=0    ignored=0   
prometheus                 : ok=4    changed=3    unreachable=0    failed=0    skipped=0    rescued=0    ignored=0   
prowlarr                   : ok=4    changed=3    unreachable=0    failed=0    skipped=0    rescued=0    ignored=0   
qbittorrent                : ok=4    changed=3    unreachable=0    failed=0    skipped=0    rescued=0    ignored=0   
radarr                     : ok=2    changed=1    unreachable=0    failed=1    skipped=0    rescued=0    ignored=0   
sonarr                     : ok=4    changed=3    unreachable=0    failed=0    skipped=0    rescued=0    ignored=0   
syncthing                  : ok=4    changed=3    unreachable=0    failed=0    skipped=0    rescued=0    ignored=0   
tautulli                   : ok=4    changed=3    unreachable=0    failed=0    skipped=0    rescued=0    ignored=0   
tdarr                      : ok=4    changed=3    unreachable=0    failed=0    skipped=0    rescued=0    ignored=0   
uptime_kuma                : ok=4    changed=3    unreachable=0    failed=0    skipped=0    rescued=0    ignored=0   
vaultwarden                : ok=4    changed=3    unreachable=0    failed=0    skipped=0    rescued=0    ignored=0   

