
PLAY [Update VM nodes] *********************************************************

TASK [Gathering Facts] *********************************************************
ok: [kasm]
ok: [jumpbox]
ok: [proxy]
ok: [grafana]
fatal: [contabo]: UNREACHABLE! => {"changed": false, "msg": "Failed to connect to the host via ssh: ssh: connect to host 213.199.52.4 port 2200: No route to host", "unreachable": true}

TASK [Update apt cache] ********************************************************
changed: [kasm]
changed: [jumpbox]
changed: [proxy]
fatal: [grafana]: FAILED! => {"changed": false, "msg": "Failed to update apt cache: W:Updating from such a repository can't be done securely, and is therefore disabled by default., W:See apt-secure(8) manpage for repository creation and user configuration details., W:GPG error: https://repos.influxdata.com/debian stable InRelease: The following signatures couldn't be verified because the public key is not available: NO_PUBKEY D8FF8E1F7DF8B07E, E:The repository 'https://repos.influxdata.com/debian stable InRelease' is not signed."}

TASK [Perform dist-upgrade] ****************************************************
ok: [kasm]
ok: [jumpbox]
changed: [proxy]

TASK [Reboot if necessary] *****************************************************
skipping: [jumpbox]
skipping: [kasm]
changed: [proxy]

PLAY RECAP *********************************************************************
contabo                    : ok=0    changed=0    unreachable=1    failed=0    skipped=0    rescued=0    ignored=0   
grafana                    : ok=1    changed=0    unreachable=0    failed=1    skipped=0    rescued=0    ignored=0   
jumpbox                    : ok=3    changed=1    unreachable=0    failed=0    skipped=1    rescued=0    ignored=0   
kasm                       : ok=3    changed=1    unreachable=0    failed=0    skipped=1    rescued=0    ignored=0   
proxy                      : ok=4    changed=3    unreachable=0    failed=0    skipped=0    rescued=0    ignored=0   

