
PLAY [Update and restart LXC containers via SSH] *******************************

TASK [Gathering Facts] *********************************************************
ok: [prowlarr]
ok: [prometheus]
ok: [sonarr]
ok: [radarr]
ok: [plex]
ok: [tautulli]
ok: [flaresolwerr]
ok: [qbittorrent]
ok: [jellyfin]
ok: [jellyseerr]
ok: [gotify]
ok: [homepage]
ok: [uptime_kuma]
fatal: [tdarr]: UNREACHABLE! => {"changed": false, "msg": "Failed to connect to the host via ssh: ssh: connect to host 10.20.40.56 port 22: No route to host", "unreachable": true}
fatal: [syncthing]: UNREACHABLE! => {"changed": false, "msg": "Failed to create temporary directory. In some cases, you may have been able to authenticate and did not have permissions on the target directory. Consider changing the remote tmp path in ansible.cfg to a path rooted in \"/tmp\", for more error information use -vvv. Failed command was: ( umask 77 && mkdir -p \"` echo /root/.ansible/tmp `\"&& mkdir \"` echo /root/.ansible/tmp/ansible-tmp-1749962407.9627254-1483029-5001371582177 `\" && echo ansible-tmp-1749962407.9627254-1483029-5001371582177=\"` echo /root/.ansible/tmp/ansible-tmp-1749962407.9627254-1483029-5001371582177 `\" ), exited with result 1", "unreachable": true}
fatal: [vaultwarden]: UNREACHABLE! => {"changed": false, "msg": "Failed to connect to the host via ssh: ssh: connect to host 10.20.40.75 port 22: No route to host", "unreachable": true}

TASK [Update apt cache on LXC container] ***************************************
changed: [sonarr]
changed: [prowlarr]
changed: [radarr]
changed: [prometheus]
changed: [tautulli]
changed: [flaresolwerr]
changed: [gotify]
changed: [homepage]
changed: [uptime_kuma]
changed: [plex]
changed: [jellyseerr]
changed: [jellyfin]
changed: [qbittorrent]

TASK [Upgrade packages on LXC container] ***************************************
changed: [sonarr]
changed: [tautulli]
fatal: [flaresolwerr]: FAILED! => {"changed": false, "msg": "'/usr/bin/apt-get dist-upgrade ' failed: E: Sub-process /usr/bin/dpkg returned an error code (1)\n", "rc": 100, "stdout": "Reading package lists...\nBuilding dependency tree...\nReading state information...\nCalculating upgrade...\nThe following package was automatically installed and is no longer required:\n  libu2f-udev\nUse 'apt autoremove' to remove it.\nThe following packages will be upgraded:\n  ca-certificates google-chrome-stable\n2 upgraded, 0 newly installed, 0 to remove and 0 not upgraded.\nNeed to get 117 MB of archives.\nAfter this operation, 23.6 kB of additional disk space will be used.\nGet:1 http://deb.debian.org/debian bookworm-updates/main amd64 ca-certificates all 20230311+deb12u1 [155 kB]\nGet:2 https://dl.google.com/linux/chrome/deb stable/main amd64 google-chrome-stable amd64 137.0.7151.103-1 [117 MB]\napt-listchanges: Reading changelogs...\nPreconfiguring packages ...\nFetched 117 MB in 4s (31.6 MB/s)\n(Reading database ... \r(Reading database ... 5%\r(Reading database ... 10%\r(Reading database ... 15%\r(Reading database ... 20%\r(Reading database ... 25%\r(Reading database ... 30%\r(Reading database ... 35%\r(Reading database ... 40%\r(Reading database ... 45%\r(Reading database ... 50%\r(Reading database ... 55%\r(Reading database ... 60%\r(Reading database ... 65%\r(Reading database ... 70%\r(Reading database ... 75%\r(Reading database ... 80%\r(Reading database ... 85%\r(Reading database ... 90%\r(Reading database ... 95%\r(Reading database ... 100%\r(Reading database ... 31265 files and directories currently installed.)\r\nPreparing to unpack .../ca-certificates_20230311+deb12u1_all.deb ...\r\nUnpacking ca-certificates (20230311+deb12u1) over (20230311) ...\r\nPreparing to unpack .../google-chrome-stable_137.0.7151.103-1_amd64.deb ...\r\nUnpacking google-chrome-stable (137.0.7151.103-1) over (137.0.7151.68-1) ...\r\ndpkg: error processing archive /var/cache/apt/archives/google-chrome-stable_137.0.7151.103-1_amd64.deb (--unpack):\r\n cannot copy extracted data for './opt/google/chrome/liboptimization_guide_internal.so' to '/opt/google/chrome/liboptimization_guide_internal.so.dpkg-new': failed to write (No space left on device)\r\nErrors were encountered while processing:\r\n /var/cache/apt/archives/google-chrome-stable_137.0.7151.103-1_amd64.deb\r\n", "stdout_lines": ["Reading package lists...", "Building dependency tree...", "Reading state information...", "Calculating upgrade...", "The following package was automatically installed and is no longer required:", "  libu2f-udev", "Use 'apt autoremove' to remove it.", "The following packages will be upgraded:", "  ca-certificates google-chrome-stable", "2 upgraded, 0 newly installed, 0 to remove and 0 not upgraded.", "Need to get 117 MB of archives.", "After this operation, 23.6 kB of additional disk space will be used.", "Get:1 http://deb.debian.org/debian bookworm-updates/main amd64 ca-certificates all 20230311+deb12u1 [155 kB]", "Get:2 https://dl.google.com/linux/chrome/deb stable/main amd64 google-chrome-stable amd64 137.0.7151.103-1 [117 MB]", "apt-listchanges: Reading changelogs...", "Preconfiguring packages ...", "Fetched 117 MB in 4s (31.6 MB/s)", "(Reading database ... ", "(Reading database ... 5%", "(Reading database ... 10%", "(Reading database ... 15%", "(Reading database ... 20%", "(Reading database ... 25%", "(Reading database ... 30%", "(Reading database ... 35%", "(Reading database ... 40%", "(Reading database ... 45%", "(Reading database ... 50%", "(Reading database ... 55%", "(Reading database ... 60%", "(Reading database ... 65%", "(Reading database ... 70%", "(Reading database ... 75%", "(Reading database ... 80%", "(Reading database ... 85%", "(Reading database ... 90%", "(Reading database ... 95%", "(Reading database ... 100%", "(Reading database ... 31265 files and directories currently installed.)", "Preparing to unpack .../ca-certificates_20230311+deb12u1_all.deb ...", "Unpacking ca-certificates (20230311+deb12u1) over (20230311) ...", "Preparing to unpack .../google-chrome-stable_137.0.7151.103-1_amd64.deb ...", "Unpacking google-chrome-stable (137.0.7151.103-1) over (137.0.7151.68-1) ...", "dpkg: error processing archive /var/cache/apt/archives/google-chrome-stable_137.0.7151.103-1_amd64.deb (--unpack):", " cannot copy extracted data for './opt/google/chrome/liboptimization_guide_internal.so' to '/opt/google/chrome/liboptimization_guide_internal.so.dpkg-new': failed to write (No space left on device)", "Errors were encountered while processing:", " /var/cache/apt/archives/google-chrome-stable_137.0.7151.103-1_amd64.deb"]}
changed: [prowlarr]
changed: [prometheus]
fatal: [radarr]: FAILED! => {"changed": false, "msg": "'/usr/bin/apt-get dist-upgrade ' failed: E: Sub-process /usr/bin/dpkg returned an error code (1)\n", "rc": 100, "stdout": "Reading package lists...\nBuilding dependency tree...\nReading state information...\nCalculating upgrade...\nThe following packages will be upgraded:\n  ca-certificates\n1 upgraded, 0 newly installed, 0 to remove and 0 not upgraded.\n3 not fully installed or removed.\nNeed to get 155 kB of archives.\nAfter this operation, 3072 B of additional disk space will be used.\nGet:1 http://deb.debian.org/debian bookworm-updates/main amd64 ca-certificates all 20230311+deb12u1 [155 kB]\napt-listchanges: Reading changelogs...\nPreconfiguring packages ...\nFetched 155 kB in 0s (3536 kB/s)\n(Reading database ... \r(Reading database ... 5%\r(Reading database ... 10%\r(Reading database ... 15%\r(Reading database ... 20%\r(Reading database ... 25%\r(Reading database ... 30%\r(Reading database ... 35%\r(Reading database ... 40%\r(Reading database ... 45%\r(Reading database ... 50%\r(Reading database ... 55%\r(Reading database ... 60%\r(Reading database ... 65%\r(Reading database ... 70%\r(Reading database ... 75%\r(Reading database ... 80%\r(Reading database ... 85%\r(Reading database ... 90%\r(Reading database ... 95%\r(Reading database ... 100%\r(Reading database ... 20363 files and directories currently installed.)\r\nPreparing to unpack .../ca-certificates_20230311+deb12u1_all.deb ...\r\nUnpacking ca-certificates (20230311+deb12u1) over (20230311) ...\r\nSetting up openssh-client (1:9.2p1-2+deb12u6) ...\r\nchgrp: changing group of '/usr/bin/ssh-agent': Invalid argument\r\ndpkg: error processing package openssh-client (--configure):\r\n installed openssh-client package post-installation script subprocess returned error exit status 1\r\nSetting up ca-certificates (20230311+deb12u1) ...\r\nUpdating certificates in /etc/ssl/certs...\r\nrehash: warning: skipping ca-certificates.crt,it does not contain exactly one certificate or CRL\r\n2 added, 0 removed; done.\r\ndpkg: dependency problems prevent configuration of openssh-sftp-server:\r\n openssh-sftp-server depends on openssh-client (= 1:9.2p1-2+deb12u6); however:\r\n  Package openssh-client is not configured yet.\r\n\r\ndpkg: error processing package openssh-sftp-server (--configure):\r\n dependency problems - leaving unconfigured\r\ndpkg: dependency problems prevent configuration of openssh-server:\r\n openssh-server depends on openssh-client (= 1:9.2p1-2+deb12u6); however:\r\n  Package openssh-client is not configured yet.\r\n openssh-server depends on openssh-sftp-server; however:\r\n  Package openssh-sftp-server is not configured yet.\r\n\r\ndpkg: error processing package openssh-server (--configure):\r\n dependency problems - leaving unconfigured\r\nProcessing triggers for man-db (2.11.2-2) ...\r\nProcessing triggers for ca-certificates (20230311+deb12u1) ...\r\nUpdating certificates in /etc/ssl/certs...\r\n0 added, 0 removed; done.\r\nRunning hooks in /etc/ca-certificates/update.d...\r\ndone.\r\nErrors were encountered while processing:\r\n openssh-client\r\n openssh-sftp-server\r\n openssh-server\r\n", "stdout_lines": ["Reading package lists...", "Building dependency tree...", "Reading state information...", "Calculating upgrade...", "The following packages will be upgraded:", "  ca-certificates", "1 upgraded, 0 newly installed, 0 to remove and 0 not upgraded.", "3 not fully installed or removed.", "Need to get 155 kB of archives.", "After this operation, 3072 B of additional disk space will be used.", "Get:1 http://deb.debian.org/debian bookworm-updates/main amd64 ca-certificates all 20230311+deb12u1 [155 kB]", "apt-listchanges: Reading changelogs...", "Preconfiguring packages ...", "Fetched 155 kB in 0s (3536 kB/s)", "(Reading database ... ", "(Reading database ... 5%", "(Reading database ... 10%", "(Reading database ... 15%", "(Reading database ... 20%", "(Reading database ... 25%", "(Reading database ... 30%", "(Reading database ... 35%", "(Reading database ... 40%", "(Reading database ... 45%", "(Reading database ... 50%", "(Reading database ... 55%", "(Reading database ... 60%", "(Reading database ... 65%", "(Reading database ... 70%", "(Reading database ... 75%", "(Reading database ... 80%", "(Reading database ... 85%", "(Reading database ... 90%", "(Reading database ... 95%", "(Reading database ... 100%", "(Reading database ... 20363 files and directories currently installed.)", "Preparing to unpack .../ca-certificates_20230311+deb12u1_all.deb ...", "Unpacking ca-certificates (20230311+deb12u1) over (20230311) ...", "Setting up openssh-client (1:9.2p1-2+deb12u6) ...", "chgrp: changing group of '/usr/bin/ssh-agent': Invalid argument", "dpkg: error processing package openssh-client (--configure):", " installed openssh-client package post-installation script subprocess returned error exit status 1", "Setting up ca-certificates (20230311+deb12u1) ...", "Updating certificates in /etc/ssl/certs...", "rehash: warning: skipping ca-certificates.crt,it does not contain exactly one certificate or CRL", "2 added, 0 removed; done.", "dpkg: dependency problems prevent configuration of openssh-sftp-server:", " openssh-sftp-server depends on openssh-client (= 1:9.2p1-2+deb12u6); however:", "  Package openssh-client is not configured yet.", "", "dpkg: error processing package openssh-sftp-server (--configure):", " dependency problems - leaving unconfigured", "dpkg: dependency problems prevent configuration of openssh-server:", " openssh-server depends on openssh-client (= 1:9.2p1-2+deb12u6); however:", "  Package openssh-client is not configured yet.", " openssh-server depends on openssh-sftp-server; however:", "  Package openssh-sftp-server is not configured yet.", "", "dpkg: error processing package openssh-server (--configure):", " dependency problems - leaving unconfigured", "Processing triggers for man-db (2.11.2-2) ...", "Processing triggers for ca-certificates (20230311+deb12u1) ...", "Updating certificates in /etc/ssl/certs...", "0 added, 0 removed; done.", "Running hooks in /etc/ca-certificates/update.d...", "done.", "Errors were encountered while processing:", " openssh-client", " openssh-sftp-server", " openssh-server"]}
changed: [gotify]
changed: [homepage]
changed: [qbittorrent]
changed: [jellyseerr]
changed: [jellyfin]
changed: [uptime_kuma]
changed: [plex]

TASK [Reboot the container if upgrade was done] ********************************
changed: [tautulli]
changed: [sonarr]
changed: [prometheus]
changed: [prowlarr]
changed: [jellyfin]
changed: [jellyseerr]
changed: [qbittorrent]
changed: [gotify]
changed: [homepage]
changed: [plex]
changed: [uptime_kuma]

PLAY RECAP *********************************************************************
flaresolwerr               : ok=2    changed=1    unreachable=0    failed=1    skipped=0    rescued=0    ignored=0   
gotify                     : ok=4    changed=3    unreachable=0    failed=0    skipped=0    rescued=0    ignored=0   
homepage                   : ok=4    changed=3    unreachable=0    failed=0    skipped=0    rescued=0    ignored=0   
jellyfin                   : ok=4    changed=3    unreachable=0    failed=0    skipped=0    rescued=0    ignored=0   
jellyseerr                 : ok=4    changed=3    unreachable=0    failed=0    skipped=0    rescued=0    ignored=0   
plex                       : ok=4    changed=3    unreachable=0    failed=0    skipped=0    rescued=0    ignored=0   
prometheus                 : ok=4    changed=3    unreachable=0    failed=0    skipped=0    rescued=0    ignored=0   
prowlarr                   : ok=4    changed=3    unreachable=0    failed=0    skipped=0    rescued=0    ignored=0   
qbittorrent                : ok=4    changed=3    unreachable=0    failed=0    skipped=0    rescued=0    ignored=0   
radarr                     : ok=2    changed=1    unreachable=0    failed=1    skipped=0    rescued=0    ignored=0   
sonarr                     : ok=4    changed=3    unreachable=0    failed=0    skipped=0    rescued=0    ignored=0   
syncthing                  : ok=0    changed=0    unreachable=1    failed=0    skipped=0    rescued=0    ignored=0   
tautulli                   : ok=4    changed=3    unreachable=0    failed=0    skipped=0    rescued=0    ignored=0   
tdarr                      : ok=0    changed=0    unreachable=1    failed=0    skipped=0    rescued=0    ignored=0   
uptime_kuma                : ok=4    changed=3    unreachable=0    failed=0    skipped=0    rescued=0    ignored=0   
vaultwarden                : ok=0    changed=0    unreachable=1    failed=0    skipped=0    rescued=0    ignored=0   

